{
  "RSpec": {
    "coverage": {
      "/Users/kayama/workspace/sakura_market/app/controllers/application_controller.rb": [
        1,
        1,
        1,
        1,
        1,
        1,
        null,
        1,
        0,
        null,
        null,
        null,
        null,
        1,
        null,
        1,
        0,
        null,
        null,
        1,
        19,
        10,
        null,
        9,
        9,
        9,
        null,
        null,
        null,
        1,
        6,
        6,
        null,
        null,
        null
      ],
      "/Users/kayama/workspace/sakura_market/app/helpers/application_helper.rb": [
        1,
        null
      ],
      "/Users/kayama/workspace/sakura_market/app/admin/items.rb": [
        1,
        1,
        null,
        1,
        0,
        0,
        0,
        0,
        null,
        0,
        0,
        0,
        null,
        null,
        1,
        0,
        0,
        0,
        0,
        0,
        0,
        null,
        null,
        null,
        1,
        0,
        0,
        0,
        null,
        0,
        0,
        null,
        0,
        0,
        null,
        0,
        0,
        null,
        null,
        null,
        null
      ],
      "/Users/kayama/workspace/sakura_market/app/models/item.rb": [
        null,
        null,
        null,
        null,
        null,
        null,
        null,
        null,
        null,
        null,
        null,
        null,
        null,
        null,
        null,
        1,
        1,
        null,
        1,
        null,
        null,
        1,
        null
      ],
      "/Users/kayama/workspace/sakura_market/app/models/application_record.rb": [
        1,
        1,
        null
      ],
      "/Users/kayama/workspace/sakura_market/app/admin/dashboard.rb": [
        1,
        null,
        1,
        1,
        0,
        0,
        0,
        0,
        null,
        0,
        null,
        null,
        null
      ],
      "/Users/kayama/workspace/sakura_market/app/admin/users.rb": [
        1,
        null,
        null,
        null,
        null,
        null,
        null,
        null,
        null,
        null,
        null,
        null,
        null,
        null,
        null
      ],
      "/Users/kayama/workspace/sakura_market/app/models/user.rb": [
        null,
        null,
        null,
        null,
        null,
        null,
        null,
        null,
        null,
        null,
        null,
        null,
        null,
        null,
        null,
        null,
        null,
        null,
        null,
        null,
        null,
        null,
        1,
        1,
        null,
        1,
        1,
        null
      ],
      "/Users/kayama/workspace/sakura_market/app/controllers/cart_items_controller.rb": [
        1,
        1,
        null,
        1,
        5,
        null,
        null,
        1,
        5,
        5,
        5,
        5,
        5,
        null,
        0,
        null,
        null,
        null,
        1,
        2,
        2,
        2,
        null,
        null
      ],
      "/Users/kayama/workspace/sakura_market/app/controllers/items_controller.rb": [
        1,
        1,
        null,
        1,
        12,
        null,
        null
      ],
      "/Users/kayama/workspace/sakura_market/app/controllers/orders_controller.rb": [
        1,
        null,
        1,
        2,
        null,
        null,
        1,
        3,
        null,
        null,
        1,
        2,
        2,
        1,
        1,
        null,
        2,
        2,
        null,
        null,
        1,
        null,
        1,
        2,
        null,
        null
      ],
      "/Users/kayama/workspace/sakura_market/app/models/cart_item.rb": [
        null,
        null,
        null,
        null,
        null,
        null,
        null,
        null,
        null,
        null,
        null,
        null,
        1,
        1,
        1,
        null,
        1,
        15,
        15,
        16,
        null,
        15,
        null,
        null,
        null,
        1,
        7,
        7,
        null,
        4,
        null,
        1,
        null,
        1,
        null,
        1,
        null,
        null,
        null,
        1,
        10,
        10,
        3,
        null,
        7,
        null,
        10,
        null,
        null
      ],
      "/Users/kayama/workspace/sakura_market/app/models/order.rb": [
        null,
        null,
        null,
        null,
        null,
        null,
        null,
        null,
        null,
        null,
        null,
        null,
        null,
        null,
        null,
        1,
        1,
        1,
        1,
        1,
        1,
        null,
        null,
        1,
        5,
        5,
        5,
        null,
        null,
        5,
        3,
        null,
        5,
        5,
        87,
        87,
        87,
        87,
        null,
        5,
        5,
        null,
        null,
        1,
        97,
        26,
        null,
        71,
        null,
        null,
        null
      ],
      "/Users/kayama/workspace/sakura_market/app/models/cart.rb": [
        null,
        null,
        null,
        null,
        null,
        null,
        null,
        null,
        null,
        1,
        1,
        null
      ],
      "/Users/kayama/workspace/sakura_market/app/models/payment.rb": [
        null,
        null,
        null,
        null,
        null,
        null,
        null,
        null,
        null,
        null,
        1,
        1,
        null
      ],
      "/Users/kayama/workspace/sakura_market/app/models/ship_time.rb": [
        null,
        null,
        null,
        null,
        null,
        null,
        null,
        null,
        null,
        null,
        1,
        1,
        null
      ],
      "/Users/kayama/workspace/sakura_market/app/models/order_detail.rb": [
        null,
        null,
        null,
        null,
        null,
        null,
        null,
        null,
        null,
        null,
        null,
        null,
        null,
        1,
        1,
        1,
        null
      ]
    },
    "timestamp": 1521946800
  }
}
