{
  "RSpec": {
    "coverage": {
      "/Users/kayama/workspace/sakura_market/app/controllers/application_controller.rb": [
        1,
        1,
        1,
        1,
        1,
        1,
        null,
        1,
        0,
        null,
        null,
        null,
        null,
        1,
        null,
        1,
        0,
        null,
        null,
        1,
        8,
        2,
        null,
        6,
        6,
        6,
        null,
        null,
        null,
        1,
        0,
        0,
        null,
        null,
        null
      ],
      "/Users/kayama/workspace/sakura_market/app/helpers/application_helper.rb": [
        1,
        null
      ],
      "/Users/kayama/workspace/sakura_market/app/admin/items.rb": [
        1,
        1,
        null,
        1,
        0,
        0,
        0,
        0,
        null,
        0,
        0,
        0,
        null,
        null,
        1,
        0,
        0,
        0,
        0,
        0,
        0,
        null,
        null,
        null,
        1,
        0,
        0,
        0,
        null,
        0,
        0,
        null,
        0,
        0,
        null,
        0,
        0,
        null,
        null,
        null,
        null
      ],
      "/Users/kayama/workspace/sakura_market/app/models/item.rb": [
        null,
        null,
        null,
        null,
        null,
        null,
        null,
        null,
        null,
        null,
        null,
        null,
        null,
        null,
        null,
        1,
        1,
        null,
        1,
        null,
        null,
        1,
        null
      ],
      "/Users/kayama/workspace/sakura_market/app/models/application_record.rb": [
        1,
        1,
        null
      ],
      "/Users/kayama/workspace/sakura_market/app/admin/dashboard.rb": [
        1,
        null,
        1,
        1,
        0,
        0,
        0,
        0,
        null,
        0,
        null,
        null,
        null
      ],
      "/Users/kayama/workspace/sakura_market/app/admin/users.rb": [
        1,
        null,
        null,
        null,
        null,
        null,
        null,
        null,
        null,
        null,
        null,
        null,
        null,
        null,
        null
      ],
      "/Users/kayama/workspace/sakura_market/app/models/user.rb": [
        null,
        null,
        null,
        null,
        null,
        null,
        null,
        null,
        null,
        null,
        null,
        null,
        null,
        null,
        null,
        null,
        null,
        null,
        null,
        null,
        null,
        null,
        1,
        1,
        null,
        1,
        1,
        null
      ],
      "/Users/kayama/workspace/sakura_market/app/controllers/cart_items_controller.rb": [
        1,
        1,
        null,
        1,
        2,
        null,
        null,
        1,
        2,
        2,
        2,
        2,
        2,
        null,
        null,
        1,
        1,
        1,
        1,
        null,
        null
      ],
      "/Users/kayama/workspace/sakura_market/app/controllers/items_controller.rb": [
        1,
        1,
        null,
        1,
        2,
        null,
        null
      ],
      "/Users/kayama/workspace/sakura_market/app/controllers/orders_controller.rb": [
        1,
        null,
        1,
        2,
        null,
        null,
        1,
        2,
        null,
        null,
        1,
        1,
        1,
        0,
        0,
        null,
        1,
        1,
        1,
        null,
        null,
        1,
        null,
        1,
        1,
        null,
        null
      ],
      "/Users/kayama/workspace/sakura_market/app/models/cart_item.rb": [
        null,
        null,
        null,
        null,
        null,
        null,
        null,
        null,
        null,
        null,
        null,
        null,
        1,
        1,
        1,
        null,
        1,
        6,
        6,
        7,
        null,
        6,
        null,
        null,
        null,
        1,
        4,
        4,
        null,
        1,
        null,
        1,
        null,
        1,
        null,
        1,
        null,
        null,
        null,
        1,
        6,
        6,
        3,
        null,
        3,
        null,
        6,
        null,
        null
      ],
      "/Users/kayama/workspace/sakura_market/app/models/order.rb": [
        null,
        null,
        null,
        null,
        null,
        null,
        null,
        null,
        null,
        null,
        null,
        null,
        null,
        null,
        null,
        1,
        1,
        1,
        1,
        1,
        1,
        null,
        null,
        1,
        4,
        4,
        4,
        null,
        null,
        4,
        3,
        null,
        4,
        4,
        70,
        70,
        70,
        70,
        null,
        4,
        4,
        null,
        null,
        1,
        79,
        22,
        null,
        57,
        null,
        null,
        null
      ],
      "/Users/kayama/workspace/sakura_market/app/models/cart.rb": [
        null,
        null,
        null,
        null,
        null,
        null,
        null,
        null,
        null,
        1,
        1,
        null
      ],
      "/Users/kayama/workspace/sakura_market/app/models/payment.rb": [
        null,
        null,
        null,
        null,
        null,
        null,
        null,
        null,
        null,
        null,
        1,
        1,
        null
      ],
      "/Users/kayama/workspace/sakura_market/app/models/ship_time.rb": [
        null,
        null,
        null,
        null,
        null,
        null,
        null,
        null,
        null,
        null,
        1,
        1,
        null
      ],
      "/Users/kayama/workspace/sakura_market/app/models/order_detail.rb": [
        null,
        null,
        null,
        null,
        null,
        null,
        null,
        null,
        null,
        null,
        null,
        null,
        null,
        0,
        0,
        0,
        0
      ]
    },
    "timestamp": 1521946800
  }
}
